<?xml version="1.0" encoding="UTF-8"?>
<!-- Generated by org.testng.reporters.JUnitReportReporter -->
<testsuite hostname="DESKTOP-0PRV3RB" failures="0" tests="3" name="com.crm.qa.test.LoginPageTest" time="48.963" errors="0" timestamp="27 May 2021 14:23:05 GMT">
  <testcase classname="com.crm.qa.test.LoginPageTest" name="initialization" time="26.113"/>
  <testcase classname="com.crm.qa.test.LoginPageTest" name="loginTest" time="11.990"/>
  <testcase classname="com.crm.qa.test.LoginPageTest" name="vlaidateTile" time="10.860"/>
</testsuite> <!-- com.crm.qa.test.LoginPageTest -->
