<?xml version="1.0" encoding="UTF-8"?>
<!-- Generated by org.testng.reporters.JUnitReportReporter -->
<testsuite hostname="DESKTOP-0PRV3RB" failures="0" tests="1" name="com.crm.qa.base.TestBase" time="13.253" errors="0" timestamp="27 May 2021 13:10:54 GMT">
  <testcase classname="com.crm.qa.base.TestBase" name="initialization" time="13.253"/>
</testsuite> <!-- com.crm.qa.base.TestBase -->
