<?xml version="1.0" encoding="UTF-8"?>
<!-- Generated by org.testng.reporters.JUnitReportReporter -->
<testsuite hostname="DESKTOP-0PRV3RB" failures="0" tests="3" name="com.crm.qa.test.SignUpPageTest" time="90.300" errors="0" timestamp="27 May 2021 13:02:38 GMT">
  <testcase classname="com.crm.qa.test.SignUpPageTest" name="initialization" time="41.205"/>
  <testcase classname="com.crm.qa.test.SignUpPageTest" name="validateSignUpTest" time="29.426"/>
  <testcase classname="com.crm.qa.test.SignUpPageTest" name="validateLoginTest" time="19.669"/>
</testsuite> <!-- com.crm.qa.test.SignUpPageTest -->
